<?xml version="1.0" encoding="UTF-8"?>
<testsuite xmlns:xsi="http://www.w3.org/2001/XMLSchema-instance" xsi:noNamespaceSchemaLocation="https://maven.apache.org/surefire/maven-surefire-plugin/xsd/surefire-test-report.xsd" name="com.fresco.ecommerce.ECommerceApplicationTests" time="9.316" tests="24" errors="0" skipped="0" failures="0">
  <properties>
[...]
</properties>
  <testcase name="productSearchStatus" classname="com.fresco.ecommerce.ECommerceApplicationTests" time="0.706"/>
  <testcase name="productSearchWithoutKeyword" classname="com.fresco.ecommerce.ECommerceApplicationTests" time="0.012"/>
  <testcase name="productSearchWithProductName" classname="com.fresco.ecommerce.ECommerceApplicationTests" time="0.029"/>
  <testcase name="productSearchWithCategoryName" classname="com.fresco.ecommerce.ECommerceApplicationTests" time="0.013"/>
  <testcase name="consumerAuthEndpoint" classname="com.fresco.ecommerce.ECommerceApplicationTests" time="0.015"/>
  <testcase name="sellerAuthEndpoint" classname="com.fresco.ecommerce.ECommerceApplicationTests" time="0.006"/>
  <testcase name="consumerLoginWithBadCreds" classname="com.fresco.ecommerce.ECommerceApplicationTests" time="0.079"/>
  <testcase name="consumerLoginWithValidCreds" classname="com.fresco.ecommerce.ECommerceApplicationTests" time="0.146"/>
  <testcase name="consumerGetCartWithValidJWT" classname="com.fresco.ecommerce.ECommerceApplicationTests" time="0.13"/>
  <testcase name="sellerApiWithConsumerJWT" classname="com.fresco.ecommerce.ECommerceApplicationTests" time="0.024"/>
  <testcase name="sellerLoginWithValidCreds" classname="com.fresco.ecommerce.ECommerceApplicationTests" time="0.026"/>
  <testcase name="sellerGetProductsWithValidJWT" classname="com.fresco.ecommerce.ECommerceApplicationTests" time="0.085"/>
  <testcase name="consumerApiWithSellerJWT" classname="com.fresco.ecommerce.ECommerceApplicationTests" time="0.018"/>
  <testcase name="sellerAddNewProduct" classname="com.fresco.ecommerce.ECommerceApplicationTests" time="0.077"/>
  <testcase name="sellerCheckAddedNewProduct" classname="com.fresco.ecommerce.ECommerceApplicationTests" time="0.1"/>
  <testcase name="sellerCheckProductFromAnotherSeller" classname="com.fresco.ecommerce.ECommerceApplicationTests" time="0.079"/>
  <testcase name="sellerUpdateProduct" classname="com.fresco.ecommerce.ECommerceApplicationTests" time="0.129"/>
  <testcase name="sellerUpdateProductWithWrongProductId" classname="com.fresco.ecommerce.ECommerceApplicationTests" time="0.031"/>
  <testcase name="consumerAddProductToCart" classname="com.fresco.ecommerce.ECommerceApplicationTests" time="0.152"/>
  <testcase name="consumerAddProductToCartAgain" classname="com.fresco.ecommerce.ECommerceApplicationTests" time="0.042"/>
  <testcase name="consumerUpdateProductInCart" classname="com.fresco.ecommerce.ECommerceApplicationTests" time="0.071"/>
  <testcase name="consumerUpdateProductInCartWithZeroQuantity" classname="com.fresco.ecommerce.ECommerceApplicationTests" time="0.096"/>
  <testcase name="consumerDeleteProductInCart" classname="com.fresco.ecommerce.ECommerceApplicationTests" time="0.072"/>
  <testcase name="sellerDeleteProduct" classname="com.fresco.ecommerce.ECommerceApplicationTests" time="0.074"/>
</testsuite>